<?xml version="1.0" encoding="UTF-8"?>
<testng-results ignored="0" total="2" passed="2" failed="0" skipped="0">
  <reporter-output>
  </reporter-output>
  <suite started-at="2022-08-11T09:53:29 IST" name="Surefire suite" finished-at="2022-08-11T09:53:39 IST" duration-ms="10119">
    <groups>
    </groups>
    <test started-at="2022-08-11T09:53:29 IST" name="Surefire test" finished-at="2022-08-11T09:53:39 IST" duration-ms="10119">
      <class name="com.mycompany.app.my_selenium_app.NewTest">
        <test-method signature="f()[pri:0, instance:com.mycompany.app.my_selenium_app.NewTest@5ef60048]" started-at="2022-08-11T09:53:29 IST" name="f" finished-at="2022-08-11T09:53:29 IST" duration-ms="5" status="PASS">
          <reporter-output>
          </reporter-output>
        </test-method> <!-- f -->
        <test-method signature="launchChrome()[pri:0, instance:com.mycompany.app.my_selenium_app.NewTest@5ef60048]" started-at="2022-08-11T09:53:29 IST" name="launchChrome" finished-at="2022-08-11T09:53:39 IST" duration-ms="10079" status="PASS">
          <reporter-output>
          </reporter-output>
        </test-method> <!-- launchChrome -->
      </class> <!-- com.mycompany.app.my_selenium_app.NewTest -->
    </test> <!-- Surefire test -->
  </suite> <!-- Surefire suite -->
</testng-results>
