<?xml version="1.0" encoding="UTF-8"?>
<testng-results ignored="0" total="2" passed="2" failed="0" skipped="0">
  <reporter-output>
  </reporter-output>
  <suite started-at="2022-08-11T09:46:10 IST" name="Default suite" finished-at="2022-08-11T09:46:24 IST" duration-ms="13467">
    <groups>
    </groups>
    <test started-at="2022-08-11T09:46:10 IST" name="Default test" finished-at="2022-08-11T09:46:24 IST" duration-ms="13467">
      <class name="com.mycompany.app.my_selenium_app.NewTest">
        <test-method signature="f()[pri:0, instance:com.mycompany.app.my_selenium_app.NewTest@44ebcd03]" started-at="2022-08-11T09:46:10 IST" name="f" finished-at="2022-08-11T09:46:10 IST" duration-ms="9" status="PASS">
          <reporter-output>
          </reporter-output>
        </test-method> <!-- f -->
        <test-method signature="launchChrome()[pri:0, instance:com.mycompany.app.my_selenium_app.NewTest@44ebcd03]" started-at="2022-08-11T09:46:10 IST" name="launchChrome" finished-at="2022-08-11T09:46:24 IST" duration-ms="13422" status="PASS">
          <reporter-output>
          </reporter-output>
        </test-method> <!-- launchChrome -->
      </class> <!-- com.mycompany.app.my_selenium_app.NewTest -->
    </test> <!-- Default test -->
  </suite> <!-- Default suite -->
</testng-results>
